# JRE version: OpenJDK Runtime Environment (17.0.11) (build 17.0.11+0--11852314)
# Java VM: OpenJDK 64-Bit Server VM (17.0.11+0--11852314, mixed mode, tiered, compressed oops, compressed class ptrs, g1 gc, windows-amd64)
GC Precious Log:
 CPUs: 4 total, 4 available
 Memory: 16259M
 Large Page Support: Disabled
 NUMA Support: Disabled
 Compressed Oops: Enabled (32-bit)
 Heap Region Size: 1M
 Heap Min Capacity: 8M
 Heap Initial Capacity: 256M
 Heap Max Capacity: 2G
 Pre-touch: Disabled
 Parallel Workers: 4
 Concurrent Workers: 1
 Concurrent Refinement Workers: 4
 Periodic GC: Disabled
Heap:
 garbage-first heap   total 71680K, used 34630K [0x0000000080000000, 0x0000000100000000)
  region size 1024K, 15 young (15360K), 2 survivors (2048K)
 Metaspace       used 32524K, committed 32832K, reserved 1114112K
  class space    used 4395K, committed 4544K, reserved 1048576K
GC Heap History (14 events):
Event: 2.336 GC heap before
{Heap before GC invocations=0 (full 0):
 garbage-first heap   total 262144K, used 12288K [0x0000000080000000, 0x0000000100000000)
  region size 1024K, 13 young (13312K), 0 survivors (0K)
 Metaspace       used 7671K, committed 7808K, reserved 1114112K
  class space    used 672K, committed 704K, reserved 1048576K
}
Event: 2.341 GC heap after
{Heap after GC invocations=1 (full 0):
 garbage-first heap   total 262144K, used 2984K [0x0000000080000000, 0x0000000100000000)
  region size 1024K, 2 young (2048K), 2 survivors (2048K)
 Metaspace       used 7671K, committed 7808K, reserved 1114112K
  class space    used 672K, committed 704K, reserved 1048576K
}
Event: 4.218 GC heap before
{Heap before GC invocations=1 (full 0):
 garbage-first heap   total 262144K, used 22440K [0x0000000080000000, 0x0000000100000000)
  region size 1024K, 18 young (18432K), 2 survivors (2048K)
 Metaspace       used 11353K, committed 11520K, reserved 1114112K
  class space    used 1193K, committed 1280K, reserved 1048576K
}
Event: 4.238 GC heap after
{Heap after GC invocations=2 (full 0):
 garbage-first heap   total 262144K, used 10664K [0x0000000080000000, 0x0000000100000000)
  region size 1024K, 3 young (3072K), 3 survivors (3072K)
 Metaspace       used 11353K, committed 11520K, reserved 1114112K
  class space    used 1193K, committed 1280K, reserved 1048576K
}
Event: 6.009 GC heap before
{Heap before GC invocations=2 (full 0):
 garbage-first heap   total 262144K, used 31144K [0x0000000080000000, 0x0000000100000000)
  region size 1024K, 24 young (24576K), 3 survivors (3072K)
 Metaspace       used 11483K, committed 11648K, reserved 1114112K
  class space    used 1197K, committed 1280K, reserved 1048576K
}
Event: 6.014 GC heap after
{Heap after GC invocations=3 (full 0):
 garbage-first heap   total 262144K, used 11211K [0x0000000080000000, 0x0000000100000000)
  region size 1024K, 1 young (1024K), 1 survivors (1024K)
 Metaspace       used 11483K, committed 11648K, reserved 1114112K
  class space    used 1197K, committed 1280K, reserved 1048576K
}
Event: 10.226 GC heap before
{Heap before GC invocations=3 (full 0):
 garbage-first heap   total 262144K, used 62411K [0x0000000080000000, 0x0000000100000000)
  region size 1024K, 51 young (52224K), 1 survivors (1024K)
 Metaspace       used 21322K, committed 21504K, reserved 1114112K
  class space    used 2504K, committed 2624K, reserved 1048576K
}
Event: 10.242 GC heap after
{Heap after GC invocations=4 (full 0):
 garbage-first heap   total 262144K, used 19244K [0x0000000080000000, 0x0000000100000000)
  region size 1024K, 9 young (9216K), 9 survivors (9216K)
 Metaspace       used 21322K, committed 21504K, reserved 1114112K
  class space    used 2504K, committed 2624K, reserved 1048576K
}
Event: 11.792 GC heap before
{Heap before GC invocations=5 (full 0):
 garbage-first heap   total 71680K, used 53036K [0x0000000080000000, 0x0000000100000000)
  region size 1024K, 42 young (43008K), 9 survivors (9216K)
 Metaspace       used 26698K, committed 27008K, reserved 1114112K
  class space    used 3413K, committed 3520K, reserved 1048576K
}
Event: 11.805 GC heap after
{Heap after GC invocations=6 (full 0):
 garbage-first heap   total 71680K, used 20658K [0x0000000080000000, 0x0000000100000000)
  region size 1024K, 2 young (2048K), 2 survivors (2048K)
 Metaspace       used 26698K, committed 27008K, reserved 1114112K
  class space    used 3413K, committed 3520K, reserved 1048576K
}
Event: 11.873 GC heap before
{Heap before GC invocations=6 (full 0):
 garbage-first heap   total 71680K, used 21682K [0x0000000080000000, 0x0000000100000000)
  region size 1024K, 3 young (3072K), 2 survivors (2048K)
 Metaspace       used 26849K, committed 27136K, reserved 1114112K
  class space    used 3439K, committed 3520K, reserved 1048576K
}
Event: 11.877 GC heap after
{Heap after GC invocations=7 (full 0):
 garbage-first heap   total 71680K, used 20917K [0x0000000080000000, 0x0000000100000000)
  region size 1024K, 1 young (1024K), 1 survivors (1024K)
 Metaspace       used 26849K, committed 27136K, reserved 1114112K
  class space    used 3439K, committed 3520K, reserved 1048576K
}
Event: 13.625 GC heap before
{Heap before GC invocations=7 (full 0):
 garbage-first heap   total 71680K, used 51637K [0x0000000080000000, 0x0000000100000000)
  region size 1024K, 31 young (31744K), 1 survivors (1024K)
 Metaspace       used 30962K, committed 31232K, reserved 1114112K
  class space    used 4139K, committed 4288K, reserved 1048576K
}
Event: 13.630 GC heap after
{Heap after GC invocations=8 (full 0):
 garbage-first heap   total 71680K, used 22342K [0x0000000080000000, 0x0000000100000000)
  region size 1024K, 2 young (2048K), 2 survivors (2048K)
 Metaspace       used 30962K, committed 31232K, reserved 1114112K
  class space    used 4139K, committed 4288K, reserved 1048576K
}

